perltidy version 20121207 log file on a linux system, OLD_PERL_VERSION=5.016002
Found Configuration File >>> /home/kevin/.perltidyrc 
Configuration and command line parameters for this run:
-pbp -w -iob -l=79 -mbl=2 -i=2 -ci=2 -vt=0 -pt=2 -bt=2 -sbt=2 -isbc -nst -nse
To find error messages search for 'WARNING' with your editor
Indentation will be with 2 spaces
Line 1 implies starting-indentation-level = 0
The nesting depths in the table below are at the start of the lines.
The indicated output line numbers are not always exact.
ci = levels of continuation indentation; bk = 1 if in BLOCK, 0 if not.

in:out indent c b  nesting   code + messages; (messages begin with >>>)
lines  levels i k            (code begins with one '.' per indent level)
------  ----- - - --------   -------------------------------------------
L1:1     i0:0 0 1            package Rummy;
L10:10   i0:0 0 1            >>>passing VERSION line; -npvl deactivates
L14:13   i4:1 0 0 {          >>>Start indentation disagreement: input=4; output=1
L21:18   i0:0 0 1            sub new {
L21:18   i0:0 0 1            >>>End indentation disagreement from input line 14
L22:19   i4:1 0 1 {          >>>Start indentation disagreement: input=4; output=1
L27:24   i0:0 0 1 {          >>>End indentation disagreement from input line 22
L32:29   i0:0 0 1            sub _initialize {
L33:30   i4:1 0 1 {          >>>Start indentation disagreement: input=4; output=1
L50:47   i0:0 0 1 {          >>>End indentation disagreement from input line 33
L61:58   i0:0 0 1            sub new_deck {
L62:59   i4:1 0 1 {          >>>Start indentation disagreement: input=4; output=1
L74:80   i0:0 0 1 {          >>>End indentation disagreement from input line 62
L76:82   i0:0 0 1            sub shuffle_deck {
L77:83   i4:1 0 1 {          >>>Start indentation disagreement: input=4; output=1
L80:86   i0:0 0 1 {          >>>End indentation disagreement from input line 77
L82:88   i0:0 0 1            >>>Starting __END__ section
L82:88   i0:0 0 1            >>>Entering POD section
First indentation disagreement seen at input line 14
Last indentation disagreement seen at input line 79
Note: Indentation disagreement detection is not accurate for outdenting and -lp.

No lines exceeded 79 characters
  Maximum output line length was 79 at line 218
hit eof while in pod documentation (no =cut seen)
	this can cause trouble with some pod utilities
